<?xml version="1.0" encoding="UTF-8"?>
<testsuite name="com.app.server.service.appbasicsetup.usermanagement.LoginTestCase" tests="7" skipped="0" failures="0" errors="0" timestamp="2016-06-10T11:44:50" hostname="897202f85453" time="0.41">
  <properties/>
  <testcase name="test1Save" classname="com.app.server.service.appbasicsetup.usermanagement.LoginTestCase" time="0.185"/>
  <testcase name="test2Update" classname="com.app.server.service.appbasicsetup.usermanagement.LoginTestCase" time="0.045"/>
  <testcase name="test3FindById" classname="com.app.server.service.appbasicsetup.usermanagement.LoginTestCase" time="0.015"/>
  <testcase name="test5NegativeTesting" classname="com.app.server.service.appbasicsetup.usermanagement.LoginTestCase" time="0.034"/>
  <testcase name="test6Delete" classname="com.app.server.service.appbasicsetup.usermanagement.LoginTestCase" time="0.108"/>
  <testcase name="testNQFindMappedUser" classname="com.app.server.service.appbasicsetup.usermanagement.LoginTestCase" time="0.014"/>
  <testcase name="testNQFindUnMappedUser" classname="com.app.server.service.appbasicsetup.usermanagement.LoginTestCase" time="0.007"/>
  <system-out><![CDATA[Fri Jun 10 11:44:50 UTC 2016|Log Manager Factory|Initialization Process started.....
Fri Jun 10 11:44:50 UTC 2016|Log Manager|Initialized with Path = [/home/applifire/workspace/project1/src/main/webapp/WEB-INF/conf]
Fri Jun 10 11:44:50 UTC 2016|Alarm Manager|Initialized with Path = [/home/applifire/workspace/project1/src/main/webapp/WEB-INF/conf]
Fri Jun 10 11:44:50 UTC 2016|Alarm Manager|Loading Alarms ......
Fri Jun 10 11:44:50 UTC 2016|Alarm XML Parser|FWA|XML Parsing Complete........ 
Fri Jun 10 11:44:50 UTC 2016|Alarm File Manager|FWA|Alarm File Status.. [ApplicationFrameworkAlarms.xml]|Version=15|Status=Done 
Fri Jun 10 11:44:50 UTC 2016|Alarm File Manager|FWA|Alarm Stats = ( BC/AL=4/676 SYS=4/10 [676/0]  TPL=0/0 [0/0]  APP= A.Map=[759]  E.Map EC/RC=[322/67] )
Fri Jun 10 11:44:50 UTC 2016|Alarm XML Parser|APP|XML Parsing Complete........ 
Fri Jun 10 11:44:50 UTC 2016|Alarm File Manager|APP|Alarm File Status.. [ApplicationAlarms.xml]|Version=1|Status=Done 
Fri Jun 10 11:44:50 UTC 2016|Alarm File Manager|APP|Alarm Stats = ( BC/AL=5/759 SYS=4/10 [676/0]  TPL=0/0 [0/0]  APP=1/1 [83/0]  A.Map=[842]  E.Map EC/RC=[373/78] )
Fri Jun 10 11:44:50 UTC 2016|ApplicationAlarmContext| <><><><><> Create App Alarms ....  <><><><><> 
Fri Jun 10 11:44:50 UTC 2016|ApplicationAlarmContext|Alarms are generated ONLY in Development Mode.. 
Fri Jun 10 11:44:50 UTC 2016|Alarm Manager|APP|Alarm Stats = ( BC/AL=5/759 SYS=4/10 [676/0]  TPL=0/0 [0/0]  APP=1/1 [83/0]  A.Map=[842]  E.Map EC/RC=[373/78] )
Fri Jun 10 11:44:50 UTC 2016|Alarm Manager|Initialized Exception Lookup...
Fri Jun 10 11:44:50 UTC 2016|Log Manager|Initialize Log Config File ......
Fri Jun 10 11:44:50 UTC 2016|Pluggable Connectors|Adding Connectors : StandardOutputConnector isEnabled=true isDefault=false isFallBack=true
Fri Jun 10 11:44:50 UTC 2016|Pluggable Connectors|Adding Connectors : StandardFileConnector isEnabled=true isDefault=false isFallBack=false
Fri Jun 10 11:44:50 UTC 2016|Pluggable Connectors|Adding Connectors : Sprinkler isEnabled=true isDefault=true isFallBack=false
Fri Jun 10 11:44:50 UTC 2016|Pluggable Connectors|Default Connector Name : com.spartan.logger.core.LogMessenger
Fri Jun 10 11:44:50 UTC 2016|Log Config Parser|Connector Least Log Level =[4]  FallBack Log Level =[3]
Fri Jun 10 11:44:50 UTC 2016|Log Manager|Loading Default Connector for Logging ......
Fri Jun 10 11:44:50 UTC 2016|Log Manager|Loading class .. com.spartan.logger.core.LogMessenger
Fri Jun 10 11:44:50 UTC 2016|Plugggable Connector|Connector class com.spartan.logger.core.LogMessenger Initialized... @ Log Level = 3
Fri Jun 10 11:44:50 UTC 2016|Log Manager|Starting the Default Connector [com.spartan.logger.core.LogMessenger@732a3b3d] ....
Fri Jun 10 11:44:50 UTC 2016|Scheduler|Starting the Scheduler ......
Fri Jun 10 11:44:50 UTC 2016|Scheduler|Adding [LMID=[6bf9b08f-ea38-4da2-b01d-9ccfa2a05d73]] Delay=5 Time Unit=MINUTES
Fri Jun 10 11:44:50 UTC 2016|Scheduler|Adding [App Alarm Manager File=[ApplicationAlarms.xml]] Delay=30 Time Unit=MINUTES
Fri Jun 10 11:44:50 UTC 2016|Scheduler|Adding [FW Alarm Manager File=[ApplicationFrameworkAlarms.xml]] Delay=3 Time Unit=MINUTES
Fri Jun 10 11:44:50 UTC 2016|Scheduler|Startup Completed..
Fri Jun 10 11:44:50 UTC 2016|Log Manager|Initialization Process Complete ......
Fri Jun 10 11:44:50 UTC 2016|Log Manager Factory|Log Manager READY! ID = 6bf9b08f-ea38-4da2-b01d-9ccfa2a05d73
[EL Fine]: sql: 2016-06-10 11:44:50.464--ClientSession(1286578691)--Connection(1120833626)--Thread(Thread[Test worker,5,main])--INSERT INTO ast_UserAccessLevel_M (userAccessLevelId, levelDescription, levelHelp, levelIcon, levelName, userAccessLevel, versionId, createdBy, createdDate, updatedBy, updatedDate, activeStatus, txnAccessCode) VALUES (?, ?, ?, ?, ?, ?, ?, ?, ?, ?, ?, ?, ?)
	bind => [BECE3BC8-9963-486A-92BB-CDF153B44B43, 359moOyjr3eelVteajoY1TbnHDck1d4lxJoQsiD43W3f5WkvDm, JJOKZ0dBkAKesvSOGkAweyEZBevZh2AWEFBq7SZGvmMJRFdT3P, hji3aqdv6I8LlPw2B6C4kbswj2iWAcPrG9fZnDGgYOQQ3esmoM, jYcHRInrvtMvrrxiim94auQ4Z7hyyB3ARPd3zLosXL6ncs1jIw, 71966, 1, AAAAA, 2016-06-10 11:44:50.459, AAAAA, 2016-06-10 11:44:50.459, 1, 51000]
[EL Fine]: sql: 2016-06-10 11:44:50.473--ClientSession(727164405)--Connection(1120833626)--Thread(Thread[Test worker,5,main])--INSERT INTO ast_UserAccessDomain_M (userAccessDomainId, domainDescription, domainHelp, domainIcon, domainName, userAccessDomain, versionId, createdBy, createdDate, updatedBy, updatedDate, activeStatus, txnAccessCode) VALUES (?, ?, ?, ?, ?, ?, ?, ?, ?, ?, ?, ?, ?)
	bind => [A5EE3DA1-8D1E-48B8-88B1-83D3C72A9378, 9qsFQl6i7sr5dyTbPzFtReR949NMrhE2NWo9YJ49sECKE4YGVL, AdM3eXAVG5EjIpXUIk2fp7f8L57urm1GsQyCQPpJRUI9VQTSyO, NhcSkil0USeHx8CRrHHHy5MdmPJUaHx1psNQKoLlhDu3AZ72SL, jMJRgrNNUgQM3uDTnigYwxHwSojw4Mn4tgElByvu7IV1yGGff1, 98384, 1, AAAAA, 2016-06-10 11:44:50.468, AAAAA, 2016-06-10 11:44:50.468, 1, 51000]
[EL Fine]: sql: 2016-06-10 11:44:50.48--ClientSession(1964836840)--Connection(1120833626)--Thread(Thread[Test worker,5,main])--INSERT INTO ast_Question_M (questionId, levelid, question, questionDetails, questionIcon, versionId, createdBy, createdDate, updatedBy, updatedDate, activeStatus, txnAccessCode) VALUES (?, ?, ?, ?, ?, ?, ?, ?, ?, ?, ?, ?)
	bind => [7CF49921-2A68-47B1-8284-C3D419E369D1, 5, XBD6hlyXQ4sYMaCiEBfsqguLBPcPhegE5uFz4A3aHDV3EJ3Ebt, BhMYOdvD46, q0Q9tnSUFOUtS1IUrpOEwpNi1nQFPYaoAUSxA4KlgHOmCTUfWU, 1, AAAAA, 2016-06-10 11:44:50.476, AAAAA, 2016-06-10 11:44:50.476, 1, 51000]
[EL Fine]: sql: 2016-06-10 11:44:50.486--ClientSession(147340130)--Connection(1120833626)--Thread(Thread[Test worker,5,main])--INSERT INTO ast_Title_M (titleId, titles, versionId, createdBy, createdDate, updatedBy, updatedDate, activeStatus, txnAccessCode) VALUES (?, ?, ?, ?, ?, ?, ?, ?, ?)
	bind => [D805C70D-A7A3-4FA9-A640-B8B7ECB8DDAD, o7LQFq1IfFComyoKkrsW05n6DXrroIaJ2uQ7SaMuSuQmZvfB3u, 1, AAAAA, 2016-06-10 11:44:50.483, AAAAA, 2016-06-10 11:44:50.483, 1, 51000]
[EL Fine]: sql: 2016-06-10 11:44:50.493--ClientSession(2045748685)--Connection(1120833626)--Thread(Thread[Test worker,5,main])--INSERT INTO ast_Gender_M (genderId, gender, versionId, createdBy, createdDate, updatedBy, updatedDate, activeStatus, txnAccessCode) VALUES (?, ?, ?, ?, ?, ?, ?, ?, ?)
	bind => [9C876078-BCD2-4532-A9FF-B714FCB1F8F1, 4PySn7Dc69qow8YIKPnQ0H4FJi7rnLtsdbOQExvGzxLziSBzNZ, 1, AAAAA, 2016-06-10 11:44:50.49, AAAAA, 2016-06-10 11:44:50.49, 1, 51000]
Fri Jun 10 11:44:50 UTC 2016|Unknown Alarm = ORGLM312100100 Alarm Split = ORG-LM-3-1-2-100-100
[EL Fine]: sql: 2016-06-10 11:44:50.502--ClientSession(730671639)--Connection(1120833626)--Thread(Thread[Test worker,5,main])--INSERT INTO ast_Language_M (languageId, alpha2, alpha3, alpha4, alpha4parentid, language, languageDescription, languageIcon, languageType, versionId, createdBy, createdDate, updatedBy, updatedDate, activeStatus, txnAccessCode) VALUES (?, ?, ?, ?, ?, ?, ?, ?, ?, ?, ?, ?, ?, ?, ?, ?)
	bind => [E168BE8A-E9B6-4BCF-8F6E-DA3E8F9F8522, FT, 7sw, ESIs, 8, f3P37sd4sK1JKzX1ZBlcpJ1YYNsmiMsgIt4hnGi9gpin1OJupF, DiI4hsaFe9aNi4sxqJADDpB7bgsXTy451BR9YMm8ux1ewdJE4M, CzIhFKFl87OWQncJsgpBm9vBoxRW7WV9aYwt1gqaX3WHVHuuBe, oe0uPxK9OOheEe0iiR46zzquDgL2gpPy, 1, AAAAA, 2016-06-10 11:44:50.496, AAAAA, 2016-06-10 11:44:50.496, 1, 51000]
Fri Jun 10 11:44:50 UTC 2016|Unknown Alarm = ORGLM312100100 Alarm Split = ORG-LM-3-1-2-100-100
[EL Fine]: sql: 2016-06-10 11:44:50.511--ClientSession(722040469)--Connection(1120833626)--Thread(Thread[Test worker,5,main])--INSERT INTO ast_Timezone_M (timeZoneId, cities, country, gmtLabel, timeZoneLabel, utcdifference, versionId, createdBy, createdDate, updatedBy, updatedDate, activeStatus, txnAccessCode) VALUES (?, ?, ?, ?, ?, ?, ?, ?, ?, ?, ?, ?, ?)
	bind => [E2FEFBF8-23E2-4601-9AC3-033B58292E5C, EC9qJi7bxeuc7qhUbVXMN70rqh2EJIywJmXG9Z3TvqDgt5BfPS, ZdhYJPoewxpKsCZyaDVSuMnTKyubTlvWS5y7Fz3CrGioMSd583, bYnzQVWWk4pjqtBS4cX62mM0gnOA6Up5hWHO9NHSQ5vVMBgaQ3, BQtxVRbPf6NQ869XGJwAuQzn3BkVN75Sp9CGcCC6n0kPIkZdAM, 5, 1, AAAAA, 2016-06-10 11:44:50.505, AAAAA, 2016-06-10 11:44:50.505, 1, 51000]
Fri Jun 10 11:44:50 UTC 2016|Unknown Alarm = ORGLM312100100 Alarm Split = ORG-LM-3-1-2-100-100
[EL Fine]: sql: 2016-06-10 11:44:50.521--ClientSession(60114092)--Connection(1120833626)--Thread(Thread[Test worker,5,main])--INSERT INTO ast_Country_M (countryId, capital, capitalLatitude, capitalLongitude, countryCode1, countryCode2, countryFlag, countryName, currencyCode, currencyName, currencySymbol, isoNumeric, versionId, createdBy, createdDate, updatedBy, updatedDate, activeStatus, txnAccessCode) VALUES (?, ?, ?, ?, ?, ?, ?, ?, ?, ?, ?, ?, ?, ?, ?, ?, ?, ?, ?)
	bind => [8505C17D-52AA-4880-B5F2-E8775AF2D1E5, 9PncVyEFeOCy4AXSVuHNr3P2nhcNQMCf, 10, 10, O7t, 6y9, a5WJ0OjgjjBmYE2Q2c7yom2YYWUv93B7MKE9mAt1xQkX7ZSVg8, tRvfaDIKfoc1HeAiK9nTZPpgytvtDoJSOZREGagAazTZ4q9EKX, ov6, 09KQAbJ4BYRPs2XF2ilaIlDR7by3SHrpg6Hquc87NgEmWOcxXk, bcNdNeX4xsdEgdwMADfVQebv59KTDLZo, 187, 1, AAAAA, 2016-06-10 11:44:50.514, AAAAA, 2016-06-10 11:44:50.514, 1, 51000]
Fri Jun 10 11:44:50 UTC 2016|Unknown Alarm = ORGLM312100100 Alarm Split = ORG-LM-3-1-2-100-100
[EL Fine]: sql: 2016-06-10 11:44:50.529--ClientSession(1390575145)--Connection(1120833626)--Thread(Thread[Test worker,5,main])--INSERT INTO ast_AddressType_M (addressTypeId, addressType, addressTypeDesc, addressTypeIcon, versionId, createdBy, createdDate, updatedBy, updatedDate, activeStatus, txnAccessCode) VALUES (?, ?, ?, ?, ?, ?, ?, ?, ?, ?, ?)
	bind => [0381AB30-391A-4D18-AD98-882D2CDAF6E5, 4581jBcEWdQBY3hRHrRRxGMd25HKguYZzqlD02eu3DEqq1nFcI, VpzT0EPZKgWBgrDZkwmpTAYNkw6nUzthNd31aIAGbXxfuf5uKw, nEpqqksJahm1GRNLrBK9R7AgZcbUBjwuorJxRb5Z95AX1QEt63, 1, AAAAA, 2016-06-10 11:44:50.525, AAAAA, 2016-06-10 11:44:50.525, 1, 51000]
Fri Jun 10 11:44:50 UTC 2016|Unknown Alarm = ORGLM312100100 Alarm Split = ORG-LM-3-1-2-100-100
[EL Fine]: sql: 2016-06-10 11:44:50.54--ClientSession(1276130608)--Connection(1120833626)--Thread(Thread[Test worker,5,main])--INSERT INTO ast_State_M (stateId, countryId, stateCapital, stateCapitalLatitude, stateCapitalLongitude, stateCode, stateCodeChar2, stateCodeChar3, stateDescription, stateFlag, stateName, versionId, createdBy, createdDate, updatedBy, updatedDate, activeStatus, txnAccessCode) VALUES (?, ?, ?, ?, ?, ?, ?, ?, ?, ?, ?, ?, ?, ?, ?, ?, ?, ?)
	bind => [07F0FACC-953E-41E0-8108-AA0BB51BF570, 8505C17D-52AA-4880-B5F2-E8775AF2D1E5, 8NU9qyA7qSmOFbAbILeUE3JRTsFGfIzBcR7TCUx6GGUmydMIAG, 11, 4, 1, u5a2PEzeG952L7K4ieMdVaEwdzGg6pDL, JZMmqvAEEpwOulC7Nx9b1y1CPGhi5yss, RKGd1Rhv0bb7l5uTFTLnsjzbaikwHbBn2ly61ADpjZCbdU7eUJ, YQr7gzNZdgy1ZeePziAgEgiq8YKyLo3eov22NRIDZqX99Aoscl, Qb6C0KDz46Noi2CnoEFxTNaj50Oho0UsVBA2pPIUe7jwGndagH, 1, AAAAA, 2016-06-10 11:44:50.532, AAAAA, 2016-06-10 11:44:50.532, 1, 51000]
Fri Jun 10 11:44:50 UTC 2016|Unknown Alarm = ORGLM312100100 Alarm Split = ORG-LM-3-1-2-100-100
[EL Fine]: sql: 2016-06-10 11:44:50.554--ClientSession(294212958)--Connection(1120833626)--Thread(Thread[Test worker,5,main])--INSERT INTO ast_City_M (cityId, cityCode, cityCodeChar2, cityDescription, cityFlag, cityLatitude, cityLongitude, cityName, countryId, stateId, versionId, createdBy, createdDate, updatedBy, updatedDate, activeStatus, txnAccessCode) VALUES (?, ?, ?, ?, ?, ?, ?, ?, ?, ?, ?, ?, ?, ?, ?, ?, ?)
	bind => [B458CA1D-72C8-4BDD-9842-6A698685EB79, 2, 3nzMdwwl2ANyA4uFIXbDNjQo7hpreisA, XQrYPWNY0dSDEGVnfev17Kkh78YwDYCTnpNyGSIv62dhEtx2dI, V82YrXqKhpZcbz4Y0BKBy3rKFa50Wb9cRzFEv0FbF7etSDnlCO, 8, 5, 6UxvUxeJtfoVVdVELf4KFxSq2tYijqoMZdRjBpxAnHYYMga7IX, 8505C17D-52AA-4880-B5F2-E8775AF2D1E5, 07F0FACC-953E-41E0-8108-AA0BB51BF570, 1, AAAAA, 2016-06-10 11:44:50.532, AAAAA, 2016-06-10 11:44:50.532, 1, 51000]
[EL Fine]: sql: 2016-06-10 11:44:50.562--ClientSession(663467536)--Connection(1120833626)--Thread(Thread[Test worker,5,main])--INSERT INTO ast_CommunicationGroup_M (commGroupId, commGroupDescription, commGroupName, versionId, createdBy, createdDate, updatedBy, updatedDate, activeStatus, txnAccessCode) VALUES (?, ?, ?, ?, ?, ?, ?, ?, ?, ?)
	bind => [61176FE5-7652-49DA-A7EB-A4EE2F473A5D, pVCjIYO2yuEviD7FykPYbR8HRIXBXKCxHKqiK4jsHknzk0EexI, byJwztzW5zWGVLwZHSGeCPp8YECwzOgvLdusin19VlPPCAw6Hz, 1, AAAAA, 2016-06-10 11:44:50.558, AAAAA, 2016-06-10 11:44:50.558, 1, 51000]
[EL Fine]: sql: 2016-06-10 11:44:50.571--ClientSession(574463380)--Connection(1120833626)--Thread(Thread[Test worker,5,main])--INSERT INTO ast_CommunicationType_M (commType, commGroupId, commTypeDescription, commTypeName, versionId, createdBy, createdDate, updatedBy, updatedDate, activeStatus, txnAccessCode) VALUES (?, ?, ?, ?, ?, ?, ?, ?, ?, ?, ?)
	bind => [A8801C33-9912-41AA-A702-B4A0ABF72429, 61176FE5-7652-49DA-A7EB-A4EE2F473A5D, OYy4RBDAd4VBDdQF9tJUYhxHzI0NTmaRdq1HPQq9Ej5IueLfbQ, iBLXj3V2nZi9yCu1WZt3cBWhwm6qmxI4Rhr5Y1QZg1uHkgwEyC, 1, AAAAA, 2016-06-10 11:44:50.558, AAAAA, 2016-06-10 11:44:50.558, 1, 51000]
Setting logged in user info for ADD
Setting logged in user info for ADD
Setting logged in user info for ADD
Setting logged in user info for ADD
Setting logged in user info for ADD
Setting logged in user info for ADD
Setting logged in user info for ADD
[EL Fine]: sql: 2016-06-10 11:44:50.584--ClientSession(919811974)--Connection(1120833626)--Thread(Thread[Test worker,5,main])--SELECT timeZoneId FROM ast_Timezone_M WHERE (timeZoneId = ?)
	bind => [E2FEFBF8-23E2-4601-9AC3-033B58292E5C]
[EL Fine]: sql: 2016-06-10 11:44:50.585--ClientSession(919811974)--Connection(1120833626)--Thread(Thread[Test worker,5,main])--INSERT INTO ast_CoreContacts_T (contactId, age, approximateDOB, dateofbirth, emailId, firstName, genderId, lastName, middleName, nativeFirstName, nativeLanguageCode, nativeLastName, nativeMiddleName, nativeTitle, phoneNumber, titleId, versionId, createdBy, createdDate, updatedBy, updatedDate, activeStatus, txnAccessCode, timeZoneId) VALUES (?, ?, ?, ?, ?, ?, ?, ?, ?, ?, ?, ?, ?, ?, ?, ?, ?, ?, ?, ?, ?, ?, ?, ?)
	bind => [7EC7C0A3-EF51-4755-A7EF-C55DF7E1947F, 44, 2016-06-10 10:21:06.807, 2016-06-10 10:21:06.303, XA34q8icgIP5A42uX5bkCH6OwPOakQjucMp1GM3fbdcdCsjcGU, WaRY0QZrGcgAsIvjjUxCPlAgLwKeFD5NNZkQY0PzXJTAnwAldO, 9C876078-BCD2-4532-A9FF-B714FCB1F8F1, Fs2cSZsfiCIYbrL2b7RgUzUnIL1r0W3VWClO3BcU4gbJzFVk9a, UJaFXaYyhnAzIDWvSOFk0tchTxfmUUgt6Rqfrq4rNnWuZvlHGT, vvrlGgKM7G9y1NvxdmbWII2gOv8LOXOPWXWHMV98djPtuA4cVJ, E168BE8A-E9B6-4BCF-8F6E-DA3E8F9F8522, gLJny43WTbG9F9HJrcAamJkIfUA2j04ZUwOI1T51rnAuaz6MSx, Jah7MeE3izCH0xd6AI0b7SD8RY6ojkWMw9BzcxoeopmLgBD5hQ, jxc6Ds0M8SlLw3btAVklKxvybGN2IcZ4T241SxeDut2Rz18LtI, GxRmU5U2o8DBuwQZP2Qk, D805C70D-A7A3-4FA9-A640-B8B7ECB8DDAD, 1, AAAAA, 2016-06-10 11:44:50.483, AAAAA, 2016-06-10 11:44:50.483, 1, 51000, E2FEFBF8-23E2-4601-9AC3-033B58292E5C]
[EL Fine]: sql: 2016-06-10 11:44:50.587--ClientSession(919811974)--Connection(1120833626)--Thread(Thread[Test worker,5,main])--INSERT INTO ast_User_T (userId, allowMultipleLogin, changePasswordNextLogin, genTempOneTimePassword, isDeleted, isLocked, lastPasswordChangeDate, multiFactorAuthEnabled, passwordAlgo, passwordExpiryDate, sessionTimeout, userAccessCode, userAccessDomainId, userAccessLevelId, versionId, createdBy, createdDate, updatedBy, updatedDate, activeStatus, txnAccessCode) VALUES (?, ?, ?, ?, ?, ?, ?, ?, ?, ?, ?, ?, ?, ?, ?, ?, ?, ?, ?, ?, ?)
	bind => [2B1A06E5-608B-417E-94CC-EFB7B24AA1E3, 1, 1, 1, 1, 1, 2016-06-10 10:21:04.649, 1, a9DOFRAf5a3XfUACdV8YAtYaLibdAAMxW0HRxDLWQul1QV9MXh, 2016-06-10 10:21:04.803, 2926, 11434, A5EE3DA1-8D1E-48B8-88B1-83D3C72A9378, BECE3BC8-9963-486A-92BB-CDF153B44B43, 1, AAAAA, 2016-06-10 11:44:50.459, AAAAA, 2016-06-10 11:44:50.459, 1, 51000]
[EL Fine]: sql: 2016-06-10 11:44:50.591--ClientSession(919811974)--Connection(1120833626)--Thread(Thread[Test worker,5,main])--INSERT INTO ast_Login_T (loginPk, failedLoginAttempts, loginId, serverAuthImage, serverAuthText, versionId, createdBy, createdDate, updatedBy, updatedDate, activeStatus, txnAccessCode, contactId, userId) VALUES (?, ?, ?, ?, ?, ?, ?, ?, ?, ?, ?, ?, ?, ?)
	bind => [95FA1F89-08F7-4F48-9080-54F8E5F75B49, 8, 7aG16yJbbndT3E3VP1ZYkvb9Tc1qlXa8QoQMRisWh0yTfmrqyg, lTIVYPyzPYzG6h7ovQWvPivTjR6MYoZV, kuCE5KWMq9KnNGy5, 1, AAAAA, 2016-06-10 11:44:50.574, AAAAA, 2016-06-10 11:44:50.574, 1, 51000, 7EC7C0A3-EF51-4755-A7EF-C55DF7E1947F, 2B1A06E5-608B-417E-94CC-EFB7B24AA1E3]
[EL Fine]: sql: 2016-06-10 11:44:50.592--ClientSession(919811974)--Connection(1120833626)--Thread(Thread[Test worker,5,main])--INSERT INTO ast_PassRecovery_TP (passRecoveryId, answer, questionId, versionId, createdBy, createdDate, updatedBy, updatedDate, activeStatus, txnAccessCode, userId) VALUES (?, ?, ?, ?, ?, ?, ?, ?, ?, ?, ?)
	bind => [08B4F17E-6CD6-400C-9C47-B7395418789E, 5nMpOqVXt2gtwsJZVsJrR5cfeKGS0dAbnr5eRlbGyeFLMwYL8B, 7CF49921-2A68-47B1-8284-C3D419E369D1, 1, AAAAA, 2016-06-10 11:44:50.476, AAAAA, 2016-06-10 11:44:50.476, 1, 51000, 2B1A06E5-608B-417E-94CC-EFB7B24AA1E3]
[EL Fine]: sql: 2016-06-10 11:44:50.593--ClientSession(919811974)--Connection(1120833626)--Thread(Thread[Test worker,5,main])--INSERT INTO ast_UserData_TP (userDataId, last5Passwords, oneTimePassword, oneTimePasswordExpiry, oneTimePasswordGenDate, password, versionId, createdBy, createdDate, updatedBy, updatedDate, activeStatus, txnAccessCode, userId) VALUES (?, ?, ?, ?, ?, ?, ?, ?, ?, ?, ?, ?, ?, ?)
	bind => [642D3CA8-09DD-41A7-9BD2-E594C28E0B8A, YPct4ejA8QSPVa5k75Vrj8Gj9bbyt9sqxSiA2F3rGXwY4GeM7q, tjrjZpMfRl3QVftG5sC8MQ0jPDn4pXhQ, 3, 2016-06-10 10:21:05.855, sfrDrZ3Id6XiabIqL6Z9W6OGoHdJSHhoiMbyCBulooYrOtYR04, 1, AAAAA, 2016-06-10 11:44:50.483, AAAAA, 2016-06-10 11:44:50.483, 1, 51000, 2B1A06E5-608B-417E-94CC-EFB7B24AA1E3]
[EL Fine]: sql: 2016-06-10 11:44:50.595--ClientSession(919811974)--Connection(1120833626)--Thread(Thread[Test worker,5,main])--INSERT INTO ast_CommunicationData_TP (commDataId, commData, commGroupId, commType, versionId, createdBy, createdDate, updatedBy, updatedDate, activeStatus, txnAccessCode) VALUES (?, ?, ?, ?, ?, ?, ?, ?, ?, ?, ?)
	bind => [AD31EA33-6C66-4216-8BF7-F9EA8570F07E, Achs7yNwrX, 61176FE5-7652-49DA-A7EB-A4EE2F473A5D, A8801C33-9912-41AA-A702-B4A0ABF72429, 1, AAAAA, 2016-06-10 11:44:50.558, AAAAA, 2016-06-10 11:44:50.558, 1, 51000]
[EL Fine]: sql: 2016-06-10 11:44:50.599--ClientSession(919811974)--Connection(1120833626)--Thread(Thread[Test worker,5,main])--INSERT INTO ast_Address_T (addressId, address1, address2, address3, addressLabel, addressTypeId, cityId, countryId, latitude, longitude, stateId, versionId, zipcode, createdBy, createdDate, updatedBy, updatedDate, activeStatus, txnAccessCode) VALUES (?, ?, ?, ?, ?, ?, ?, ?, ?, ?, ?, ?, ?, ?, ?, ?, ?, ?, ?)
	bind => [6D81223F-4306-4EC7-9DB1-B0870143FED2, h7eity6yKMIj3fXqeQLYLgpqo0JDEIOX9zM3nAJW4zRGVyxqiV, jhGLxgQM2sHQQ7zXxQCER8YdPRnj64IYxiseXg3PhKNzp1HHtj, O7wGM26JYzHiUy4dcn2tr5XyJhs4cRgZWxdes7CGbM0pd01nFP, bX1PUGRBqZl, 0381AB30-391A-4D18-AD98-882D2CDAF6E5, B458CA1D-72C8-4BDD-9842-6A698685EB79, 8505C17D-52AA-4880-B5F2-E8775AF2D1E5, MNgNDiNsQrRLC9iZpYRZVWjV12l4ClergVhb7ZRNA4qd8YViUj, dwV63bEBZuiQZ9QmYnLnkfVA2pwAOAPsGYmZZfRziy9cxn3zuX, 07F0FACC-953E-41E0-8108-AA0BB51BF570, 1, IzraGa, AAAAA, 2016-06-10 11:44:50.514, AAAAA, 2016-06-10 11:44:50.514, 1, 51000]
[EL Fine]: sql: 2016-06-10 11:44:50.603--ClientSession(919811974)--Connection(1120833626)--Thread(Thread[Test worker,5,main])--INSERT INTO ast_AddressMap_B (addressId, contactId) VALUES (?, ?)
	bind => [6D81223F-4306-4EC7-9DB1-B0870143FED2, 7EC7C0A3-EF51-4755-A7EF-C55DF7E1947F]
[EL Fine]: sql: 2016-06-10 11:44:50.604--ClientSession(919811974)--Connection(1120833626)--Thread(Thread[Test worker,5,main])--INSERT INTO ast_CommunicationMap_B (commDataId, contactId) VALUES (?, ?)
	bind => [AD31EA33-6C66-4216-8BF7-F9EA8570F07E, 7EC7C0A3-EF51-4755-A7EF-C55DF7E1947F]
[EL Fine]: sql: 2016-06-10 11:44:50.617--ClientSession(970214288)--Connection(1120833626)--Thread(Thread[Test worker,5,main])--SELECT loginPk, failedLoginAttempts, loginId, serverAuthImage, serverAuthText, versionId, createdBy, createdDate, updatedBy, updatedDate, activeStatus, txnAccessCode, contactId, userId FROM ast_Login_T WHERE ((activeStatus = ?) AND (loginPk = ?))
	bind => [1, 95FA1F89-08F7-4F48-9080-54F8E5F75B49]
[EL Fine]: sql: 2016-06-10 11:44:50.618--ClientSession(970214288)--Connection(1120833626)--Thread(Thread[Test worker,5,main])--SELECT contactId, age, approximateDOB, dateofbirth, emailId, firstName, genderId, lastName, middleName, nativeFirstName, nativeLanguageCode, nativeLastName, nativeMiddleName, nativeTitle, phoneNumber, titleId, versionId, createdBy, createdDate, updatedBy, updatedDate, activeStatus, txnAccessCode, timeZoneId FROM ast_CoreContacts_T WHERE (contactId = ?)
	bind => [7EC7C0A3-EF51-4755-A7EF-C55DF7E1947F]
[EL Fine]: sql: 2016-06-10 11:44:50.62--ClientSession(970214288)--Connection(1120833626)--Thread(Thread[Test worker,5,main])--SELECT timeZoneId, cities, country, gmtLabel, timeZoneLabel, utcdifference, versionId, createdBy, createdDate, updatedBy, updatedDate, activeStatus, txnAccessCode FROM ast_Timezone_M WHERE (timeZoneId = ?)
	bind => [E2FEFBF8-23E2-4601-9AC3-033B58292E5C]
[EL Fine]: sql: 2016-06-10 11:44:50.622--ClientSession(970214288)--Connection(1120833626)--Thread(Thread[Test worker,5,main])--SELECT userId, allowMultipleLogin, changePasswordNextLogin, genTempOneTimePassword, isDeleted, isLocked, lastPasswordChangeDate, multiFactorAuthEnabled, passwordAlgo, passwordExpiryDate, sessionTimeout, userAccessCode, userAccessDomainId, userAccessLevelId, versionId, createdBy, createdDate, updatedBy, updatedDate, activeStatus, txnAccessCode FROM ast_User_T WHERE (userId = ?)
	bind => [2B1A06E5-608B-417E-94CC-EFB7B24AA1E3]
[EL Fine]: sql: 2016-06-10 11:44:50.623--ClientSession(970214288)--Connection(1120833626)--Thread(Thread[Test worker,5,main])--SELECT userDataId, last5Passwords, oneTimePassword, oneTimePasswordExpiry, oneTimePasswordGenDate, password, versionId, createdBy, createdDate, updatedBy, updatedDate, activeStatus, txnAccessCode, userId FROM ast_UserData_TP WHERE (userId = ?)
	bind => [2B1A06E5-608B-417E-94CC-EFB7B24AA1E3]
[EL Fine]: sql: 2016-06-10 11:44:50.624--ClientSession(970214288)--Connection(1120833626)--Thread(Thread[Test worker,5,main])--SELECT passRecoveryId, answer, questionId, versionId, createdBy, createdDate, updatedBy, updatedDate, activeStatus, txnAccessCode, userId FROM ast_PassRecovery_TP WHERE (userId = ?)
	bind => [2B1A06E5-608B-417E-94CC-EFB7B24AA1E3]
Setting logged in user info for UPDATE
Setting logged in user info for UPDATE
[EL Fine]: sql: 2016-06-10 11:44:50.628--ServerSession(914651344)--Connection(1120833626)--Thread(Thread[Test worker,5,main])--SELECT t1.addressId, t1.address1, t1.address2, t1.address3, t1.addressLabel, t1.addressTypeId, t1.cityId, t1.countryId, t1.latitude, t1.longitude, t1.stateId, t1.versionId, t1.zipcode, t1.createdBy, t1.createdDate, t1.updatedBy, t1.updatedDate, t1.activeStatus, t1.txnAccessCode FROM ast_AddressMap_B t0, ast_Address_T t1 WHERE ((t0.contactId = ?) AND (t1.addressId = t0.addressId))
	bind => [7EC7C0A3-EF51-4755-A7EF-C55DF7E1947F]
Setting logged in user info for UPDATE
[EL Fine]: sql: 2016-06-10 11:44:50.63--ServerSession(914651344)--Connection(1120833626)--Thread(Thread[Test worker,5,main])--SELECT t1.commDataId, t1.commData, t1.commGroupId, t1.commType, t1.versionId, t1.createdBy, t1.createdDate, t1.updatedBy, t1.updatedDate, t1.activeStatus, t1.txnAccessCode FROM ast_CommunicationMap_B t0, ast_CommunicationData_TP t1 WHERE ((t0.contactId = ?) AND (t1.commDataId = t0.commDataId))
	bind => [7EC7C0A3-EF51-4755-A7EF-C55DF7E1947F]
Setting logged in user info for UPDATE
Setting logged in user info for UPDATE
Setting logged in user info for UPDATE
Setting logged in user info for UPDATE
[EL Fine]: sql: 2016-06-10 11:44:50.637--ClientSession(854662011)--Connection(1120833626)--Thread(Thread[Test worker,5,main])--SELECT loginPk, failedLoginAttempts, loginId, serverAuthImage, serverAuthText, versionId, createdBy, createdDate, updatedBy, updatedDate, activeStatus, txnAccessCode, contactId, userId FROM ast_Login_T WHERE (loginPk = ?)
	bind => [95FA1F89-08F7-4F48-9080-54F8E5F75B49]
[EL Fine]: sql: 2016-06-10 11:44:50.638--ClientSession(854662011)--Connection(1120833626)--Thread(Thread[Test worker,5,main])--SELECT contactId, age, approximateDOB, dateofbirth, emailId, firstName, genderId, lastName, middleName, nativeFirstName, nativeLanguageCode, nativeLastName, nativeMiddleName, nativeTitle, phoneNumber, titleId, versionId, createdBy, createdDate, updatedBy, updatedDate, activeStatus, txnAccessCode, timeZoneId FROM ast_CoreContacts_T WHERE (contactId = ?)
	bind => [7EC7C0A3-EF51-4755-A7EF-C55DF7E1947F]
[EL Fine]: sql: 2016-06-10 11:44:50.639--ClientSession(854662011)--Connection(1120833626)--Thread(Thread[Test worker,5,main])--SELECT timeZoneId, cities, country, gmtLabel, timeZoneLabel, utcdifference, versionId, createdBy, createdDate, updatedBy, updatedDate, activeStatus, txnAccessCode FROM ast_Timezone_M WHERE (timeZoneId = ?)
	bind => [E2FEFBF8-23E2-4601-9AC3-033B58292E5C]
[EL Fine]: sql: 2016-06-10 11:44:50.64--ClientSession(854662011)--Connection(1120833626)--Thread(Thread[Test worker,5,main])--SELECT userId, allowMultipleLogin, changePasswordNextLogin, genTempOneTimePassword, isDeleted, isLocked, lastPasswordChangeDate, multiFactorAuthEnabled, passwordAlgo, passwordExpiryDate, sessionTimeout, userAccessCode, userAccessDomainId, userAccessLevelId, versionId, createdBy, createdDate, updatedBy, updatedDate, activeStatus, txnAccessCode FROM ast_User_T WHERE (userId = ?)
	bind => [2B1A06E5-608B-417E-94CC-EFB7B24AA1E3]
[EL Fine]: sql: 2016-06-10 11:44:50.641--ClientSession(854662011)--Connection(1120833626)--Thread(Thread[Test worker,5,main])--SELECT userDataId, last5Passwords, oneTimePassword, oneTimePasswordExpiry, oneTimePasswordGenDate, password, versionId, createdBy, createdDate, updatedBy, updatedDate, activeStatus, txnAccessCode, userId FROM ast_UserData_TP WHERE (userId = ?)
	bind => [2B1A06E5-608B-417E-94CC-EFB7B24AA1E3]
[EL Fine]: sql: 2016-06-10 11:44:50.643--ClientSession(854662011)--Connection(1120833626)--Thread(Thread[Test worker,5,main])--SELECT passRecoveryId, answer, questionId, versionId, createdBy, createdDate, updatedBy, updatedDate, activeStatus, txnAccessCode, userId FROM ast_PassRecovery_TP WHERE (userId = ?)
	bind => [2B1A06E5-608B-417E-94CC-EFB7B24AA1E3]
[EL Fine]: sql: 2016-06-10 11:44:50.644--ClientSession(854662011)--Connection(1120833626)--Thread(Thread[Test worker,5,main])--SELECT t1.addressId, t1.address1, t1.address2, t1.address3, t1.addressLabel, t1.addressTypeId, t1.cityId, t1.countryId, t1.latitude, t1.longitude, t1.stateId, t1.versionId, t1.zipcode, t1.createdBy, t1.createdDate, t1.updatedBy, t1.updatedDate, t1.activeStatus, t1.txnAccessCode FROM ast_AddressMap_B t0, ast_Address_T t1 WHERE ((t0.contactId = ?) AND (t1.addressId = t0.addressId))
	bind => [7EC7C0A3-EF51-4755-A7EF-C55DF7E1947F]
[EL Fine]: sql: 2016-06-10 11:44:50.646--ClientSession(854662011)--Connection(1120833626)--Thread(Thread[Test worker,5,main])--SELECT t1.commDataId, t1.commData, t1.commGroupId, t1.commType, t1.versionId, t1.createdBy, t1.createdDate, t1.updatedBy, t1.updatedDate, t1.activeStatus, t1.txnAccessCode FROM ast_CommunicationMap_B t0, ast_CommunicationData_TP t1 WHERE ((t0.contactId = ?) AND (t1.commDataId = t0.commDataId))
	bind => [7EC7C0A3-EF51-4755-A7EF-C55DF7E1947F]
[EL Fine]: sql: 2016-06-10 11:44:50.649--ClientSession(854662011)--Connection(1120833626)--Thread(Thread[Test worker,5,main])--UPDATE ast_Login_T SET loginId = ?, serverAuthImage = ?, serverAuthText = ?, versionId = ? WHERE ((loginPk = ?) AND (versionId = ?))
	bind => [U0YQTOk1DBGKDQCLHP7WoogDYhAAEQFQrrLwRAYSP82M3hnxfu, ruP8j4jDbhxYmJ3vR82WY5BqraUZW00X, eUq85mTcGPFx75Eq, 2, 95FA1F89-08F7-4F48-9080-54F8E5F75B49, 1]
[EL Fine]: sql: 2016-06-10 11:44:50.661--ClientSession(1770799455)--Connection(1120833626)--Thread(Thread[Test worker,5,main])--SELECT loginPk, failedLoginAttempts, loginId, serverAuthImage, serverAuthText, versionId, createdBy, createdDate, updatedBy, updatedDate, activeStatus, txnAccessCode, contactId, userId FROM ast_Login_T WHERE ((activeStatus = ?) AND (loginPk = ?))
	bind => [1, 95FA1F89-08F7-4F48-9080-54F8E5F75B49]
[EL Fine]: sql: 2016-06-10 11:44:50.662--ClientSession(1770799455)--Connection(1120833626)--Thread(Thread[Test worker,5,main])--SELECT contactId, age, approximateDOB, dateofbirth, emailId, firstName, genderId, lastName, middleName, nativeFirstName, nativeLanguageCode, nativeLastName, nativeMiddleName, nativeTitle, phoneNumber, titleId, versionId, createdBy, createdDate, updatedBy, updatedDate, activeStatus, txnAccessCode, timeZoneId FROM ast_CoreContacts_T WHERE (contactId = ?)
	bind => [7EC7C0A3-EF51-4755-A7EF-C55DF7E1947F]
[EL Fine]: sql: 2016-06-10 11:44:50.663--ClientSession(1770799455)--Connection(1120833626)--Thread(Thread[Test worker,5,main])--SELECT timeZoneId, cities, country, gmtLabel, timeZoneLabel, utcdifference, versionId, createdBy, createdDate, updatedBy, updatedDate, activeStatus, txnAccessCode FROM ast_Timezone_M WHERE (timeZoneId = ?)
	bind => [E2FEFBF8-23E2-4601-9AC3-033B58292E5C]
[EL Fine]: sql: 2016-06-10 11:44:50.665--ClientSession(1770799455)--Connection(1120833626)--Thread(Thread[Test worker,5,main])--SELECT userId, allowMultipleLogin, changePasswordNextLogin, genTempOneTimePassword, isDeleted, isLocked, lastPasswordChangeDate, multiFactorAuthEnabled, passwordAlgo, passwordExpiryDate, sessionTimeout, userAccessCode, userAccessDomainId, userAccessLevelId, versionId, createdBy, createdDate, updatedBy, updatedDate, activeStatus, txnAccessCode FROM ast_User_T WHERE (userId = ?)
	bind => [2B1A06E5-608B-417E-94CC-EFB7B24AA1E3]
[EL Fine]: sql: 2016-06-10 11:44:50.666--ClientSession(1770799455)--Connection(1120833626)--Thread(Thread[Test worker,5,main])--SELECT userDataId, last5Passwords, oneTimePassword, oneTimePasswordExpiry, oneTimePasswordGenDate, password, versionId, createdBy, createdDate, updatedBy, updatedDate, activeStatus, txnAccessCode, userId FROM ast_UserData_TP WHERE (userId = ?)
	bind => [2B1A06E5-608B-417E-94CC-EFB7B24AA1E3]
[EL Fine]: sql: 2016-06-10 11:44:50.667--ClientSession(1770799455)--Connection(1120833626)--Thread(Thread[Test worker,5,main])--SELECT passRecoveryId, answer, questionId, versionId, createdBy, createdDate, updatedBy, updatedDate, activeStatus, txnAccessCode, userId FROM ast_PassRecovery_TP WHERE (userId = ?)
	bind => [2B1A06E5-608B-417E-94CC-EFB7B24AA1E3]
[EL Fine]: sql: 2016-06-10 11:44:50.711--ClientSession(1956965335)--Connection(1120833626)--Thread(Thread[Test worker,5,main])--SELECT loginPk, failedLoginAttempts, loginId, serverAuthImage, serverAuthText, versionId, createdBy, createdDate, updatedBy, updatedDate, activeStatus, txnAccessCode, contactId, userId FROM ast_Login_T WHERE (loginPk = ?)
	bind => [95FA1F89-08F7-4F48-9080-54F8E5F75B49]
[EL Fine]: sql: 2016-06-10 11:44:50.713--ClientSession(1956965335)--Connection(1120833626)--Thread(Thread[Test worker,5,main])--SELECT contactId, age, approximateDOB, dateofbirth, emailId, firstName, genderId, lastName, middleName, nativeFirstName, nativeLanguageCode, nativeLastName, nativeMiddleName, nativeTitle, phoneNumber, titleId, versionId, createdBy, createdDate, updatedBy, updatedDate, activeStatus, txnAccessCode, timeZoneId FROM ast_CoreContacts_T WHERE (contactId = ?)
	bind => [7EC7C0A3-EF51-4755-A7EF-C55DF7E1947F]
[EL Fine]: sql: 2016-06-10 11:44:50.714--ClientSession(1956965335)--Connection(1120833626)--Thread(Thread[Test worker,5,main])--SELECT timeZoneId, cities, country, gmtLabel, timeZoneLabel, utcdifference, versionId, createdBy, createdDate, updatedBy, updatedDate, activeStatus, txnAccessCode FROM ast_Timezone_M WHERE (timeZoneId = ?)
	bind => [E2FEFBF8-23E2-4601-9AC3-033B58292E5C]
[EL Fine]: sql: 2016-06-10 11:44:50.716--ClientSession(1956965335)--Connection(1120833626)--Thread(Thread[Test worker,5,main])--SELECT userId, allowMultipleLogin, changePasswordNextLogin, genTempOneTimePassword, isDeleted, isLocked, lastPasswordChangeDate, multiFactorAuthEnabled, passwordAlgo, passwordExpiryDate, sessionTimeout, userAccessCode, userAccessDomainId, userAccessLevelId, versionId, createdBy, createdDate, updatedBy, updatedDate, activeStatus, txnAccessCode FROM ast_User_T WHERE (userId = ?)
	bind => [2B1A06E5-608B-417E-94CC-EFB7B24AA1E3]
[EL Fine]: sql: 2016-06-10 11:44:50.717--ClientSession(1956965335)--Connection(1120833626)--Thread(Thread[Test worker,5,main])--SELECT userDataId, last5Passwords, oneTimePassword, oneTimePasswordExpiry, oneTimePasswordGenDate, password, versionId, createdBy, createdDate, updatedBy, updatedDate, activeStatus, txnAccessCode, userId FROM ast_UserData_TP WHERE (userId = ?)
	bind => [2B1A06E5-608B-417E-94CC-EFB7B24AA1E3]
[EL Fine]: sql: 2016-06-10 11:44:50.719--ClientSession(1956965335)--Connection(1120833626)--Thread(Thread[Test worker,5,main])--SELECT passRecoveryId, answer, questionId, versionId, createdBy, createdDate, updatedBy, updatedDate, activeStatus, txnAccessCode, userId FROM ast_PassRecovery_TP WHERE (userId = ?)
	bind => [2B1A06E5-608B-417E-94CC-EFB7B24AA1E3]
[EL Fine]: sql: 2016-06-10 11:44:50.72--ClientSession(1956965335)--Connection(1120833626)--Thread(Thread[Test worker,5,main])--SELECT t1.addressId, t1.address1, t1.address2, t1.address3, t1.addressLabel, t1.addressTypeId, t1.cityId, t1.countryId, t1.latitude, t1.longitude, t1.stateId, t1.versionId, t1.zipcode, t1.createdBy, t1.createdDate, t1.updatedBy, t1.updatedDate, t1.activeStatus, t1.txnAccessCode FROM ast_AddressMap_B t0, ast_Address_T t1 WHERE ((t0.contactId = ?) AND (t1.addressId = t0.addressId))
	bind => [7EC7C0A3-EF51-4755-A7EF-C55DF7E1947F]
[EL Fine]: sql: 2016-06-10 11:44:50.722--ClientSession(1956965335)--Connection(1120833626)--Thread(Thread[Test worker,5,main])--SELECT t1.commDataId, t1.commData, t1.commGroupId, t1.commType, t1.versionId, t1.createdBy, t1.createdDate, t1.updatedBy, t1.updatedDate, t1.activeStatus, t1.txnAccessCode FROM ast_CommunicationMap_B t0, ast_CommunicationData_TP t1 WHERE ((t0.contactId = ?) AND (t1.commDataId = t0.commDataId))
	bind => [7EC7C0A3-EF51-4755-A7EF-C55DF7E1947F]
[EL Fine]: sql: 2016-06-10 11:44:50.724--ClientSession(1956965335)--Connection(1120833626)--Thread(Thread[Test worker,5,main])--DELETE FROM ast_AddressMap_B WHERE (contactId = ?)
	bind => [7EC7C0A3-EF51-4755-A7EF-C55DF7E1947F]
[EL Fine]: sql: 2016-06-10 11:44:50.725--ClientSession(1956965335)--Connection(1120833626)--Thread(Thread[Test worker,5,main])--DELETE FROM ast_CommunicationMap_B WHERE (contactId = ?)
	bind => [7EC7C0A3-EF51-4755-A7EF-C55DF7E1947F]
[EL Fine]: sql: 2016-06-10 11:44:50.727--ClientSession(1956965335)--Connection(1120833626)--Thread(Thread[Test worker,5,main])--DELETE FROM ast_Address_T WHERE ((addressId = ?) AND (versionId = ?))
	bind => [6D81223F-4306-4EC7-9DB1-B0870143FED2, 1]
[EL Fine]: sql: 2016-06-10 11:44:50.731--ClientSession(1956965335)--Connection(1120833626)--Thread(Thread[Test worker,5,main])--DELETE FROM ast_CommunicationData_TP WHERE ((commDataId = ?) AND (versionId = ?))
	bind => [AD31EA33-6C66-4216-8BF7-F9EA8570F07E, 1]
[EL Fine]: sql: 2016-06-10 11:44:50.732--ClientSession(1956965335)--Connection(1120833626)--Thread(Thread[Test worker,5,main])--DELETE FROM ast_UserData_TP WHERE ((userDataId = ?) AND (versionId = ?))
	bind => [642D3CA8-09DD-41A7-9BD2-E594C28E0B8A, 1]
[EL Fine]: sql: 2016-06-10 11:44:50.733--ClientSession(1956965335)--Connection(1120833626)--Thread(Thread[Test worker,5,main])--DELETE FROM ast_PassRecovery_TP WHERE ((passRecoveryId = ?) AND (versionId = ?))
	bind => [08B4F17E-6CD6-400C-9C47-B7395418789E, 1]
[EL Fine]: sql: 2016-06-10 11:44:50.734--ClientSession(1956965335)--Connection(1120833626)--Thread(Thread[Test worker,5,main])--DELETE FROM ast_Login_T WHERE ((loginPk = ?) AND (versionId = ?))
	bind => [95FA1F89-08F7-4F48-9080-54F8E5F75B49, 2]
[EL Fine]: sql: 2016-06-10 11:44:50.735--ClientSession(1956965335)--Connection(1120833626)--Thread(Thread[Test worker,5,main])--DELETE FROM ast_User_T WHERE ((userId = ?) AND (versionId = ?))
	bind => [2B1A06E5-608B-417E-94CC-EFB7B24AA1E3, 1]
[EL Fine]: sql: 2016-06-10 11:44:50.736--ClientSession(1956965335)--Connection(1120833626)--Thread(Thread[Test worker,5,main])--DELETE FROM ast_CoreContacts_T WHERE ((contactId = ?) AND (versionId = ?))
	bind => [7EC7C0A3-EF51-4755-A7EF-C55DF7E1947F, 1]
[EL Fine]: sql: 2016-06-10 11:44:50.741--ClientSession(1406278696)--Connection(1120833626)--Thread(Thread[Test worker,5,main])--SELECT commType, commGroupId, commTypeDescription, commTypeName, versionId, createdBy, createdDate, updatedBy, updatedDate, activeStatus, txnAccessCode FROM ast_CommunicationType_M WHERE (commType = ?)
	bind => [A8801C33-9912-41AA-A702-B4A0ABF72429]
[EL Fine]: sql: 2016-06-10 11:44:50.743--ClientSession(1406278696)--Connection(1120833626)--Thread(Thread[Test worker,5,main])--DELETE FROM ast_CommunicationType_M WHERE ((commType = ?) AND (versionId = ?))
	bind => [A8801C33-9912-41AA-A702-B4A0ABF72429, 1]
[EL Fine]: sql: 2016-06-10 11:44:50.747--ClientSession(1321399294)--Connection(1120833626)--Thread(Thread[Test worker,5,main])--SELECT commGroupId, commGroupDescription, commGroupName, versionId, createdBy, createdDate, updatedBy, updatedDate, activeStatus, txnAccessCode FROM ast_CommunicationGroup_M WHERE (commGroupId = ?)
	bind => [61176FE5-7652-49DA-A7EB-A4EE2F473A5D]
[EL Fine]: sql: 2016-06-10 11:44:50.748--ClientSession(1321399294)--Connection(1120833626)--Thread(Thread[Test worker,5,main])--DELETE FROM ast_CommunicationGroup_M WHERE ((commGroupId = ?) AND (versionId = ?))
	bind => [61176FE5-7652-49DA-A7EB-A4EE2F473A5D, 1]
[EL Fine]: sql: 2016-06-10 11:44:50.752--ClientSession(1001601533)--Connection(1120833626)--Thread(Thread[Test worker,5,main])--SELECT cityId, cityCode, cityCodeChar2, cityDescription, cityFlag, cityLatitude, cityLongitude, cityName, countryId, stateId, versionId, createdBy, createdDate, updatedBy, updatedDate, activeStatus, txnAccessCode FROM ast_City_M WHERE (cityId = ?)
	bind => [B458CA1D-72C8-4BDD-9842-6A698685EB79]
[EL Fine]: sql: 2016-06-10 11:44:50.754--ClientSession(1001601533)--Connection(1120833626)--Thread(Thread[Test worker,5,main])--DELETE FROM ast_City_M WHERE ((cityId = ?) AND (versionId = ?))
	bind => [B458CA1D-72C8-4BDD-9842-6A698685EB79, 1]
[EL Fine]: sql: 2016-06-10 11:44:50.759--ClientSession(1219214507)--Connection(1120833626)--Thread(Thread[Test worker,5,main])--SELECT stateId, countryId, stateCapital, stateCapitalLatitude, stateCapitalLongitude, stateCode, stateCodeChar2, stateCodeChar3, stateDescription, stateFlag, stateName, versionId, createdBy, createdDate, updatedBy, updatedDate, activeStatus, txnAccessCode FROM ast_State_M WHERE (stateId = ?)
	bind => [07F0FACC-953E-41E0-8108-AA0BB51BF570]
[EL Fine]: sql: 2016-06-10 11:44:50.761--ClientSession(1219214507)--Connection(1120833626)--Thread(Thread[Test worker,5,main])--DELETE FROM ast_State_M WHERE ((stateId = ?) AND (versionId = ?))
	bind => [07F0FACC-953E-41E0-8108-AA0BB51BF570, 1]
[EL Fine]: sql: 2016-06-10 11:44:50.765--ClientSession(1423716109)--Connection(1120833626)--Thread(Thread[Test worker,5,main])--SELECT addressTypeId, addressType, addressTypeDesc, addressTypeIcon, versionId, createdBy, createdDate, updatedBy, updatedDate, activeStatus, txnAccessCode FROM ast_AddressType_M WHERE (addressTypeId = ?)
	bind => [0381AB30-391A-4D18-AD98-882D2CDAF6E5]
[EL Fine]: sql: 2016-06-10 11:44:50.767--ClientSession(1423716109)--Connection(1120833626)--Thread(Thread[Test worker,5,main])--DELETE FROM ast_AddressType_M WHERE ((addressTypeId = ?) AND (versionId = ?))
	bind => [0381AB30-391A-4D18-AD98-882D2CDAF6E5, 1]
[EL Fine]: sql: 2016-06-10 11:44:50.77--ClientSession(680279318)--Connection(1120833626)--Thread(Thread[Test worker,5,main])--SELECT countryId, capital, capitalLatitude, capitalLongitude, countryCode1, countryCode2, countryFlag, countryName, currencyCode, currencyName, currencySymbol, isoNumeric, versionId, createdBy, createdDate, updatedBy, updatedDate, activeStatus, txnAccessCode FROM ast_Country_M WHERE (countryId = ?)
	bind => [8505C17D-52AA-4880-B5F2-E8775AF2D1E5]
[EL Fine]: sql: 2016-06-10 11:44:50.772--ClientSession(680279318)--Connection(1120833626)--Thread(Thread[Test worker,5,main])--DELETE FROM ast_Country_M WHERE ((countryId = ?) AND (versionId = ?))
	bind => [8505C17D-52AA-4880-B5F2-E8775AF2D1E5, 1]
[EL Fine]: sql: 2016-06-10 11:44:50.776--ClientSession(1347018798)--Connection(1120833626)--Thread(Thread[Test worker,5,main])--SELECT timeZoneId, cities, country, gmtLabel, timeZoneLabel, utcdifference, versionId, createdBy, createdDate, updatedBy, updatedDate, activeStatus, txnAccessCode FROM ast_Timezone_M WHERE (timeZoneId = ?)
	bind => [E2FEFBF8-23E2-4601-9AC3-033B58292E5C]
[EL Fine]: sql: 2016-06-10 11:44:50.777--ClientSession(1347018798)--Connection(1120833626)--Thread(Thread[Test worker,5,main])--DELETE FROM ast_Timezone_M WHERE ((timeZoneId = ?) AND (versionId = ?))
	bind => [E2FEFBF8-23E2-4601-9AC3-033B58292E5C, 1]
[EL Fine]: sql: 2016-06-10 11:44:50.781--ClientSession(940346126)--Connection(1120833626)--Thread(Thread[Test worker,5,main])--SELECT languageId, alpha2, alpha3, alpha4, alpha4parentid, language, languageDescription, languageIcon, languageType, versionId, createdBy, createdDate, updatedBy, updatedDate, activeStatus, txnAccessCode FROM ast_Language_M WHERE (languageId = ?)
	bind => [E168BE8A-E9B6-4BCF-8F6E-DA3E8F9F8522]
[EL Fine]: sql: 2016-06-10 11:44:50.783--ClientSession(940346126)--Connection(1120833626)--Thread(Thread[Test worker,5,main])--DELETE FROM ast_Language_M WHERE ((languageId = ?) AND (versionId = ?))
	bind => [E168BE8A-E9B6-4BCF-8F6E-DA3E8F9F8522, 1]
[EL Fine]: sql: 2016-06-10 11:44:50.787--ClientSession(1096730121)--Connection(1120833626)--Thread(Thread[Test worker,5,main])--SELECT genderId, gender, versionId, createdBy, createdDate, updatedBy, updatedDate, activeStatus, txnAccessCode FROM ast_Gender_M WHERE (genderId = ?)
	bind => [9C876078-BCD2-4532-A9FF-B714FCB1F8F1]
[EL Fine]: sql: 2016-06-10 11:44:50.788--ClientSession(1096730121)--Connection(1120833626)--Thread(Thread[Test worker,5,main])--DELETE FROM ast_Gender_M WHERE ((genderId = ?) AND (versionId = ?))
	bind => [9C876078-BCD2-4532-A9FF-B714FCB1F8F1, 1]
[EL Fine]: sql: 2016-06-10 11:44:50.793--ClientSession(1689090461)--Connection(1120833626)--Thread(Thread[Test worker,5,main])--SELECT titleId, titles, versionId, createdBy, createdDate, updatedBy, updatedDate, activeStatus, txnAccessCode FROM ast_Title_M WHERE (titleId = ?)
	bind => [D805C70D-A7A3-4FA9-A640-B8B7ECB8DDAD]
[EL Fine]: sql: 2016-06-10 11:44:50.794--ClientSession(1689090461)--Connection(1120833626)--Thread(Thread[Test worker,5,main])--DELETE FROM ast_Title_M WHERE ((titleId = ?) AND (versionId = ?))
	bind => [D805C70D-A7A3-4FA9-A640-B8B7ECB8DDAD, 1]
[EL Fine]: sql: 2016-06-10 11:44:50.797--ClientSession(1681846568)--Connection(1120833626)--Thread(Thread[Test worker,5,main])--SELECT questionId, levelid, question, questionDetails, questionIcon, versionId, createdBy, createdDate, updatedBy, updatedDate, activeStatus, txnAccessCode FROM ast_Question_M WHERE (questionId = ?)
	bind => [7CF49921-2A68-47B1-8284-C3D419E369D1]
[EL Fine]: sql: 2016-06-10 11:44:50.799--ClientSession(1681846568)--Connection(1120833626)--Thread(Thread[Test worker,5,main])--DELETE FROM ast_Question_M WHERE ((questionId = ?) AND (versionId = ?))
	bind => [7CF49921-2A68-47B1-8284-C3D419E369D1, 1]
[EL Fine]: sql: 2016-06-10 11:44:50.804--ClientSession(1819327076)--Connection(1120833626)--Thread(Thread[Test worker,5,main])--SELECT userAccessDomainId, domainDescription, domainHelp, domainIcon, domainName, userAccessDomain, versionId, createdBy, createdDate, updatedBy, updatedDate, activeStatus, txnAccessCode FROM ast_UserAccessDomain_M WHERE (userAccessDomainId = ?)
	bind => [A5EE3DA1-8D1E-48B8-88B1-83D3C72A9378]
[EL Fine]: sql: 2016-06-10 11:44:50.805--ClientSession(1819327076)--Connection(1120833626)--Thread(Thread[Test worker,5,main])--DELETE FROM ast_UserAccessDomain_M WHERE ((userAccessDomainId = ?) AND (versionId = ?))
	bind => [A5EE3DA1-8D1E-48B8-88B1-83D3C72A9378, 1]
[EL Fine]: sql: 2016-06-10 11:44:50.808--ClientSession(600332129)--Connection(1120833626)--Thread(Thread[Test worker,5,main])--SELECT userAccessLevelId, levelDescription, levelHelp, levelIcon, levelName, userAccessLevel, versionId, createdBy, createdDate, updatedBy, updatedDate, activeStatus, txnAccessCode FROM ast_UserAccessLevel_M WHERE (userAccessLevelId = ?)
	bind => [BECE3BC8-9963-486A-92BB-CDF153B44B43]
[EL Fine]: sql: 2016-06-10 11:44:50.81--ClientSession(600332129)--Connection(1120833626)--Thread(Thread[Test worker,5,main])--DELETE FROM ast_UserAccessLevel_M WHERE ((userAccessLevelId = ?) AND (versionId = ?))
	bind => [BECE3BC8-9963-486A-92BB-CDF153B44B43, 1]
[EL Fine]: sql: 2016-06-10 11:44:50.82--ClientSession(1421071505)--Connection(1120833626)--Thread(Thread[Test worker,5,main])--SELECT t0.loginPk, t0.failedLoginAttempts, t0.loginId, t0.serverAuthImage, t0.serverAuthText, t0.versionId, t0.createdBy, t0.createdDate, t0.updatedBy, t0.updatedDate, t0.activeStatus, t0.txnAccessCode, t0.contactId, t0.userId FROM ast_Login_T t0, ast_User_T t1 WHERE (((t0.activeStatus = ?) AND t1.userId IN (SELECT t2.userId FROM ast_UserRoleBridge_T t2)) AND (t1.userId = t0.userId))
	bind => [1]
[EL Fine]: sql: 2016-06-10 11:44:50.821--ClientSession(1421071505)--Connection(1120833626)--Thread(Thread[Test worker,5,main])--SELECT contactId, age, approximateDOB, dateofbirth, emailId, firstName, genderId, lastName, middleName, nativeFirstName, nativeLanguageCode, nativeLastName, nativeMiddleName, nativeTitle, phoneNumber, titleId, versionId, createdBy, createdDate, updatedBy, updatedDate, activeStatus, txnAccessCode, timeZoneId FROM ast_CoreContacts_T WHERE (contactId = ?)
	bind => [A06E9BF3-74EB-4D67-9CB1-998AE709C645]
[EL Fine]: sql: 2016-06-10 11:44:50.822--ClientSession(1421071505)--Connection(1120833626)--Thread(Thread[Test worker,5,main])--SELECT timeZoneId, cities, country, gmtLabel, timeZoneLabel, utcdifference, versionId, createdBy, createdDate, updatedBy, updatedDate, activeStatus, txnAccessCode FROM ast_Timezone_M WHERE (timeZoneId = ?)
	bind => [B87E5A41-C0D2-4114-9FDD-9B5BD10FC9C4]
[EL Fine]: sql: 2016-06-10 11:44:50.823--ClientSession(1421071505)--Connection(1120833626)--Thread(Thread[Test worker,5,main])--SELECT userId, allowMultipleLogin, changePasswordNextLogin, genTempOneTimePassword, isDeleted, isLocked, lastPasswordChangeDate, multiFactorAuthEnabled, passwordAlgo, passwordExpiryDate, sessionTimeout, userAccessCode, userAccessDomainId, userAccessLevelId, versionId, createdBy, createdDate, updatedBy, updatedDate, activeStatus, txnAccessCode FROM ast_User_T WHERE (userId = ?)
	bind => [18D01ABF-F632-496A-B379-FC50EDEAB8C0]
[EL Fine]: sql: 2016-06-10 11:44:50.824--ClientSession(1421071505)--Connection(1120833626)--Thread(Thread[Test worker,5,main])--SELECT userDataId, last5Passwords, oneTimePassword, oneTimePasswordExpiry, oneTimePasswordGenDate, password, versionId, createdBy, createdDate, updatedBy, updatedDate, activeStatus, txnAccessCode, userId FROM ast_UserData_TP WHERE (userId = ?)
	bind => [18D01ABF-F632-496A-B379-FC50EDEAB8C0]
[EL Fine]: sql: 2016-06-10 11:44:50.825--ClientSession(1421071505)--Connection(1120833626)--Thread(Thread[Test worker,5,main])--SELECT passRecoveryId, answer, questionId, versionId, createdBy, createdDate, updatedBy, updatedDate, activeStatus, txnAccessCode, userId FROM ast_PassRecovery_TP WHERE (userId = ?)
	bind => [18D01ABF-F632-496A-B379-FC50EDEAB8C0]
[EL Fine]: sql: 2016-06-10 11:44:50.832--ClientSession(611501501)--Connection(1120833626)--Thread(Thread[Test worker,5,main])--SELECT t0.loginPk, t0.failedLoginAttempts, t0.loginId, t0.serverAuthImage, t0.serverAuthText, t0.versionId, t0.createdBy, t0.createdDate, t0.updatedBy, t0.updatedDate, t0.activeStatus, t0.txnAccessCode, t0.contactId, t0.userId FROM ast_Login_T t0, ast_User_T t1 WHERE (((t0.activeStatus = ?) AND t1.userId NOT IN (SELECT t2.userId FROM ast_UserRoleBridge_T t2)) AND (t1.userId = t0.userId))
	bind => [1]
]]></system-out>
  <system-err><![CDATA[Login.loginId may not be null
java.lang.SecurityException: Login.loginId may not be null
	at com.athena.server.pluggable.utils.helper.EntityValidatorHelper.validateEntity(EntityValidatorHelper.java:37)
	at com.app.shared.appbasicsetup.usermanagement.Login.isValid(Login.java:223)
	at com.app.server.service.appbasicsetup.usermanagement.LoginTestCase.validateLogin(LoginTestCase.java:532)
	at com.app.server.service.appbasicsetup.usermanagement.LoginTestCase.test5NegativeTesting(LoginTestCase.java:567)
	at sun.reflect.NativeMethodAccessorImpl.invoke0(Native Method)
	at sun.reflect.NativeMethodAccessorImpl.invoke(NativeMethodAccessorImpl.java:57)
	at sun.reflect.DelegatingMethodAccessorImpl.invoke(DelegatingMethodAccessorImpl.java:43)
	at java.lang.reflect.Method.invoke(Method.java:606)
	at org.junit.runners.model.FrameworkMethod$1.runReflectiveCall(FrameworkMethod.java:47)
	at org.junit.internal.runners.model.ReflectiveCallable.run(ReflectiveCallable.java:12)
	at org.junit.runners.model.FrameworkMethod.invokeExplosively(FrameworkMethod.java:44)
	at org.junit.internal.runners.statements.InvokeMethod.evaluate(InvokeMethod.java:17)
	at org.junit.internal.runners.statements.RunBefores.evaluate(RunBefores.java:26)
	at org.springframework.test.context.junit4.statements.RunBeforeTestMethodCallbacks.evaluate(RunBeforeTestMethodCallbacks.java:74)
	at org.junit.internal.runners.statements.RunAfters.evaluate(RunAfters.java:27)
	at org.springframework.test.context.junit4.statements.RunAfterTestMethodCallbacks.evaluate(RunAfterTestMethodCallbacks.java:83)
	at org.springframework.test.context.junit4.statements.SpringRepeat.evaluate(SpringRepeat.java:72)
	at org.springframework.test.context.junit4.SpringJUnit4ClassRunner.runChild(SpringJUnit4ClassRunner.java:233)
	at org.springframework.test.context.junit4.SpringJUnit4ClassRunner.runChild(SpringJUnit4ClassRunner.java:87)
	at org.junit.runners.ParentRunner$3.run(ParentRunner.java:238)
	at org.junit.runners.ParentRunner$1.schedule(ParentRunner.java:63)
	at org.junit.runners.ParentRunner.runChildren(ParentRunner.java:236)
	at org.junit.runners.ParentRunner.access$000(ParentRunner.java:53)
	at org.junit.runners.ParentRunner$2.evaluate(ParentRunner.java:229)
	at org.junit.internal.runners.statements.RunBefores.evaluate(RunBefores.java:26)
	at org.springframework.test.context.junit4.statements.RunBeforeTestClassCallbacks.evaluate(RunBeforeTestClassCallbacks.java:61)
	at org.springframework.test.context.junit4.statements.RunAfterTestClassCallbacks.evaluate(RunAfterTestClassCallbacks.java:71)
	at org.junit.runners.ParentRunner.run(ParentRunner.java:309)
	at org.springframework.test.context.junit4.SpringJUnit4ClassRunner.run(SpringJUnit4ClassRunner.java:176)
	at org.gradle.api.internal.tasks.testing.junit.JUnitTestClassExecuter.runTestClass(JUnitTestClassExecuter.java:86)
	at org.gradle.api.internal.tasks.testing.junit.JUnitTestClassExecuter.execute(JUnitTestClassExecuter.java:49)
	at org.gradle.api.internal.tasks.testing.junit.JUnitTestClassProcessor.processTestClass(JUnitTestClassProcessor.java:64)
	at org.gradle.api.internal.tasks.testing.SuiteTestClassProcessor.processTestClass(SuiteTestClassProcessor.java:50)
	at sun.reflect.NativeMethodAccessorImpl.invoke0(Native Method)
	at sun.reflect.NativeMethodAccessorImpl.invoke(NativeMethodAccessorImpl.java:57)
	at sun.reflect.DelegatingMethodAccessorImpl.invoke(DelegatingMethodAccessorImpl.java:43)
	at java.lang.reflect.Method.invoke(Method.java:606)
	at org.gradle.messaging.dispatch.ReflectionDispatch.dispatch(ReflectionDispatch.java:35)
	at org.gradle.messaging.dispatch.ReflectionDispatch.dispatch(ReflectionDispatch.java:24)
	at org.gradle.messaging.dispatch.ContextClassLoaderDispatch.dispatch(ContextClassLoaderDispatch.java:32)
	at org.gradle.messaging.dispatch.ProxyDispatchAdapter$DispatchingInvocationHandler.invoke(ProxyDispatchAdapter.java:93)
	at com.sun.proxy.$Proxy2.processTestClass(Unknown Source)
	at org.gradle.api.internal.tasks.testing.worker.TestWorker.processTestClass(TestWorker.java:106)
	at sun.reflect.NativeMethodAccessorImpl.invoke0(Native Method)
	at sun.reflect.NativeMethodAccessorImpl.invoke(NativeMethodAccessorImpl.java:57)
	at sun.reflect.DelegatingMethodAccessorImpl.invoke(DelegatingMethodAccessorImpl.java:43)
	at java.lang.reflect.Method.invoke(Method.java:606)
	at org.gradle.messaging.dispatch.ReflectionDispatch.dispatch(ReflectionDispatch.java:35)
	at org.gradle.messaging.dispatch.ReflectionDispatch.dispatch(ReflectionDispatch.java:24)
	at org.gradle.messaging.remote.internal.hub.MessageHub$Handler.run(MessageHub.java:360)
	at org.gradle.internal.concurrent.DefaultExecutorFactory$StoppableExecutorImpl$1.run(DefaultExecutorFactory.java:64)
	at java.util.concurrent.ThreadPoolExecutor.runWorker(ThreadPoolExecutor.java:1145)
	at java.util.concurrent.ThreadPoolExecutor$Worker.run(ThreadPoolExecutor.java:615)
	at java.lang.Thread.run(Thread.java:745)
Login.loginId size must be between 0 and 200
java.lang.SecurityException: Login.loginId size must be between 0 and 200
	at com.athena.server.pluggable.utils.helper.EntityValidatorHelper.validateEntity(EntityValidatorHelper.java:37)
	at com.app.shared.appbasicsetup.usermanagement.Login.isValid(Login.java:223)
	at com.app.server.service.appbasicsetup.usermanagement.LoginTestCase.validateLogin(LoginTestCase.java:530)
	at com.app.server.service.appbasicsetup.usermanagement.LoginTestCase.test5NegativeTesting(LoginTestCase.java:572)
	at sun.reflect.NativeMethodAccessorImpl.invoke0(Native Method)
	at sun.reflect.NativeMethodAccessorImpl.invoke(NativeMethodAccessorImpl.java:57)
	at sun.reflect.DelegatingMethodAccessorImpl.invoke(DelegatingMethodAccessorImpl.java:43)
	at java.lang.reflect.Method.invoke(Method.java:606)
	at org.junit.runners.model.FrameworkMethod$1.runReflectiveCall(FrameworkMethod.java:47)
	at org.junit.internal.runners.model.ReflectiveCallable.run(ReflectiveCallable.java:12)
	at org.junit.runners.model.FrameworkMethod.invokeExplosively(FrameworkMethod.java:44)
	at org.junit.internal.runners.statements.InvokeMethod.evaluate(InvokeMethod.java:17)
	at org.junit.internal.runners.statements.RunBefores.evaluate(RunBefores.java:26)
	at org.springframework.test.context.junit4.statements.RunBeforeTestMethodCallbacks.evaluate(RunBeforeTestMethodCallbacks.java:74)
	at org.junit.internal.runners.statements.RunAfters.evaluate(RunAfters.java:27)
	at org.springframework.test.context.junit4.statements.RunAfterTestMethodCallbacks.evaluate(RunAfterTestMethodCallbacks.java:83)
	at org.springframework.test.context.junit4.statements.SpringRepeat.evaluate(SpringRepeat.java:72)
	at org.springframework.test.context.junit4.SpringJUnit4ClassRunner.runChild(SpringJUnit4ClassRunner.java:233)
	at org.springframework.test.context.junit4.SpringJUnit4ClassRunner.runChild(SpringJUnit4ClassRunner.java:87)
	at org.junit.runners.ParentRunner$3.run(ParentRunner.java:238)
	at org.junit.runners.ParentRunner$1.schedule(ParentRunner.java:63)
	at org.junit.runners.ParentRunner.runChildren(ParentRunner.java:236)
	at org.junit.runners.ParentRunner.access$000(ParentRunner.java:53)
	at org.junit.runners.ParentRunner$2.evaluate(ParentRunner.java:229)
	at org.junit.internal.runners.statements.RunBefores.evaluate(RunBefores.java:26)
	at org.springframework.test.context.junit4.statements.RunBeforeTestClassCallbacks.evaluate(RunBeforeTestClassCallbacks.java:61)
	at org.springframework.test.context.junit4.statements.RunAfterTestClassCallbacks.evaluate(RunAfterTestClassCallbacks.java:71)
	at org.junit.runners.ParentRunner.run(ParentRunner.java:309)
	at org.springframework.test.context.junit4.SpringJUnit4ClassRunner.run(SpringJUnit4ClassRunner.java:176)
	at org.gradle.api.internal.tasks.testing.junit.JUnitTestClassExecuter.runTestClass(JUnitTestClassExecuter.java:86)
	at org.gradle.api.internal.tasks.testing.junit.JUnitTestClassExecuter.execute(JUnitTestClassExecuter.java:49)
	at org.gradle.api.internal.tasks.testing.junit.JUnitTestClassProcessor.processTestClass(JUnitTestClassProcessor.java:64)
	at org.gradle.api.internal.tasks.testing.SuiteTestClassProcessor.processTestClass(SuiteTestClassProcessor.java:50)
	at sun.reflect.NativeMethodAccessorImpl.invoke0(Native Method)
	at sun.reflect.NativeMethodAccessorImpl.invoke(NativeMethodAccessorImpl.java:57)
	at sun.reflect.DelegatingMethodAccessorImpl.invoke(DelegatingMethodAccessorImpl.java:43)
	at java.lang.reflect.Method.invoke(Method.java:606)
	at org.gradle.messaging.dispatch.ReflectionDispatch.dispatch(ReflectionDispatch.java:35)
	at org.gradle.messaging.dispatch.ReflectionDispatch.dispatch(ReflectionDispatch.java:24)
	at org.gradle.messaging.dispatch.ContextClassLoaderDispatch.dispatch(ContextClassLoaderDispatch.java:32)
	at org.gradle.messaging.dispatch.ProxyDispatchAdapter$DispatchingInvocationHandler.invoke(ProxyDispatchAdapter.java:93)
	at com.sun.proxy.$Proxy2.processTestClass(Unknown Source)
	at org.gradle.api.internal.tasks.testing.worker.TestWorker.processTestClass(TestWorker.java:106)
	at sun.reflect.NativeMethodAccessorImpl.invoke0(Native Method)
	at sun.reflect.NativeMethodAccessorImpl.invoke(NativeMethodAccessorImpl.java:57)
	at sun.reflect.DelegatingMethodAccessorImpl.invoke(DelegatingMethodAccessorImpl.java:43)
	at java.lang.reflect.Method.invoke(Method.java:606)
	at org.gradle.messaging.dispatch.ReflectionDispatch.dispatch(ReflectionDispatch.java:35)
	at org.gradle.messaging.dispatch.ReflectionDispatch.dispatch(ReflectionDispatch.java:24)
	at org.gradle.messaging.remote.internal.hub.MessageHub$Handler.run(MessageHub.java:360)
	at org.gradle.internal.concurrent.DefaultExecutorFactory$StoppableExecutorImpl$1.run(DefaultExecutorFactory.java:64)
	at java.util.concurrent.ThreadPoolExecutor.runWorker(ThreadPoolExecutor.java:1145)
	at java.util.concurrent.ThreadPoolExecutor$Worker.run(ThreadPoolExecutor.java:615)
	at java.lang.Thread.run(Thread.java:745)
Login.serverAuthImage size must be between 0 and 32
java.lang.SecurityException: Login.serverAuthImage size must be between 0 and 32
	at com.athena.server.pluggable.utils.helper.EntityValidatorHelper.validateEntity(EntityValidatorHelper.java:37)
	at com.app.shared.appbasicsetup.usermanagement.Login.isValid(Login.java:223)
	at com.app.server.service.appbasicsetup.usermanagement.LoginTestCase.validateLogin(LoginTestCase.java:530)
	at com.app.server.service.appbasicsetup.usermanagement.LoginTestCase.test5NegativeTesting(LoginTestCase.java:577)
	at sun.reflect.NativeMethodAccessorImpl.invoke0(Native Method)
	at sun.reflect.NativeMethodAccessorImpl.invoke(NativeMethodAccessorImpl.java:57)
	at sun.reflect.DelegatingMethodAccessorImpl.invoke(DelegatingMethodAccessorImpl.java:43)
	at java.lang.reflect.Method.invoke(Method.java:606)
	at org.junit.runners.model.FrameworkMethod$1.runReflectiveCall(FrameworkMethod.java:47)
	at org.junit.internal.runners.model.ReflectiveCallable.run(ReflectiveCallable.java:12)
	at org.junit.runners.model.FrameworkMethod.invokeExplosively(FrameworkMethod.java:44)
	at org.junit.internal.runners.statements.InvokeMethod.evaluate(InvokeMethod.java:17)
	at org.junit.internal.runners.statements.RunBefores.evaluate(RunBefores.java:26)
	at org.springframework.test.context.junit4.statements.RunBeforeTestMethodCallbacks.evaluate(RunBeforeTestMethodCallbacks.java:74)
	at org.junit.internal.runners.statements.RunAfters.evaluate(RunAfters.java:27)
	at org.springframework.test.context.junit4.statements.RunAfterTestMethodCallbacks.evaluate(RunAfterTestMethodCallbacks.java:83)
	at org.springframework.test.context.junit4.statements.SpringRepeat.evaluate(SpringRepeat.java:72)
	at org.springframework.test.context.junit4.SpringJUnit4ClassRunner.runChild(SpringJUnit4ClassRunner.java:233)
	at org.springframework.test.context.junit4.SpringJUnit4ClassRunner.runChild(SpringJUnit4ClassRunner.java:87)
	at org.junit.runners.ParentRunner$3.run(ParentRunner.java:238)
	at org.junit.runners.ParentRunner$1.schedule(ParentRunner.java:63)
	at org.junit.runners.ParentRunner.runChildren(ParentRunner.java:236)
	at org.junit.runners.ParentRunner.access$000(ParentRunner.java:53)
	at org.junit.runners.ParentRunner$2.evaluate(ParentRunner.java:229)
	at org.junit.internal.runners.statements.RunBefores.evaluate(RunBefores.java:26)
	at org.springframework.test.context.junit4.statements.RunBeforeTestClassCallbacks.evaluate(RunBeforeTestClassCallbacks.java:61)
	at org.springframework.test.context.junit4.statements.RunAfterTestClassCallbacks.evaluate(RunAfterTestClassCallbacks.java:71)
	at org.junit.runners.ParentRunner.run(ParentRunner.java:309)
	at org.springframework.test.context.junit4.SpringJUnit4ClassRunner.run(SpringJUnit4ClassRunner.java:176)
	at org.gradle.api.internal.tasks.testing.junit.JUnitTestClassExecuter.runTestClass(JUnitTestClassExecuter.java:86)
	at org.gradle.api.internal.tasks.testing.junit.JUnitTestClassExecuter.execute(JUnitTestClassExecuter.java:49)
	at org.gradle.api.internal.tasks.testing.junit.JUnitTestClassProcessor.processTestClass(JUnitTestClassProcessor.java:64)
	at org.gradle.api.internal.tasks.testing.SuiteTestClassProcessor.processTestClass(SuiteTestClassProcessor.java:50)
	at sun.reflect.NativeMethodAccessorImpl.invoke0(Native Method)
	at sun.reflect.NativeMethodAccessorImpl.invoke(NativeMethodAccessorImpl.java:57)
	at sun.reflect.DelegatingMethodAccessorImpl.invoke(DelegatingMethodAccessorImpl.java:43)
	at java.lang.reflect.Method.invoke(Method.java:606)
	at org.gradle.messaging.dispatch.ReflectionDispatch.dispatch(ReflectionDispatch.java:35)
	at org.gradle.messaging.dispatch.ReflectionDispatch.dispatch(ReflectionDispatch.java:24)
	at org.gradle.messaging.dispatch.ContextClassLoaderDispatch.dispatch(ContextClassLoaderDispatch.java:32)
	at org.gradle.messaging.dispatch.ProxyDispatchAdapter$DispatchingInvocationHandler.invoke(ProxyDispatchAdapter.java:93)
	at com.sun.proxy.$Proxy2.processTestClass(Unknown Source)
	at org.gradle.api.internal.tasks.testing.worker.TestWorker.processTestClass(TestWorker.java:106)
	at sun.reflect.NativeMethodAccessorImpl.invoke0(Native Method)
	at sun.reflect.NativeMethodAccessorImpl.invoke(NativeMethodAccessorImpl.java:57)
	at sun.reflect.DelegatingMethodAccessorImpl.invoke(DelegatingMethodAccessorImpl.java:43)
	at java.lang.reflect.Method.invoke(Method.java:606)
	at org.gradle.messaging.dispatch.ReflectionDispatch.dispatch(ReflectionDispatch.java:35)
	at org.gradle.messaging.dispatch.ReflectionDispatch.dispatch(ReflectionDispatch.java:24)
	at org.gradle.messaging.remote.internal.hub.MessageHub$Handler.run(MessageHub.java:360)
	at org.gradle.internal.concurrent.DefaultExecutorFactory$StoppableExecutorImpl$1.run(DefaultExecutorFactory.java:64)
	at java.util.concurrent.ThreadPoolExecutor.runWorker(ThreadPoolExecutor.java:1145)
	at java.util.concurrent.ThreadPoolExecutor$Worker.run(ThreadPoolExecutor.java:615)
	at java.lang.Thread.run(Thread.java:745)
Login.serverAuthText size must be between 0 and 16
java.lang.SecurityException: Login.serverAuthText size must be between 0 and 16
	at com.athena.server.pluggable.utils.helper.EntityValidatorHelper.validateEntity(EntityValidatorHelper.java:37)
	at com.app.shared.appbasicsetup.usermanagement.Login.isValid(Login.java:223)
	at com.app.server.service.appbasicsetup.usermanagement.LoginTestCase.validateLogin(LoginTestCase.java:530)
	at com.app.server.service.appbasicsetup.usermanagement.LoginTestCase.test5NegativeTesting(LoginTestCase.java:582)
	at sun.reflect.NativeMethodAccessorImpl.invoke0(Native Method)
	at sun.reflect.NativeMethodAccessorImpl.invoke(NativeMethodAccessorImpl.java:57)
	at sun.reflect.DelegatingMethodAccessorImpl.invoke(DelegatingMethodAccessorImpl.java:43)
	at java.lang.reflect.Method.invoke(Method.java:606)
	at org.junit.runners.model.FrameworkMethod$1.runReflectiveCall(FrameworkMethod.java:47)
	at org.junit.internal.runners.model.ReflectiveCallable.run(ReflectiveCallable.java:12)
	at org.junit.runners.model.FrameworkMethod.invokeExplosively(FrameworkMethod.java:44)
	at org.junit.internal.runners.statements.InvokeMethod.evaluate(InvokeMethod.java:17)
	at org.junit.internal.runners.statements.RunBefores.evaluate(RunBefores.java:26)
	at org.springframework.test.context.junit4.statements.RunBeforeTestMethodCallbacks.evaluate(RunBeforeTestMethodCallbacks.java:74)
	at org.junit.internal.runners.statements.RunAfters.evaluate(RunAfters.java:27)
	at org.springframework.test.context.junit4.statements.RunAfterTestMethodCallbacks.evaluate(RunAfterTestMethodCallbacks.java:83)
	at org.springframework.test.context.junit4.statements.SpringRepeat.evaluate(SpringRepeat.java:72)
	at org.springframework.test.context.junit4.SpringJUnit4ClassRunner.runChild(SpringJUnit4ClassRunner.java:233)
	at org.springframework.test.context.junit4.SpringJUnit4ClassRunner.runChild(SpringJUnit4ClassRunner.java:87)
	at org.junit.runners.ParentRunner$3.run(ParentRunner.java:238)
	at org.junit.runners.ParentRunner$1.schedule(ParentRunner.java:63)
	at org.junit.runners.ParentRunner.runChildren(ParentRunner.java:236)
	at org.junit.runners.ParentRunner.access$000(ParentRunner.java:53)
	at org.junit.runners.ParentRunner$2.evaluate(ParentRunner.java:229)
	at org.junit.internal.runners.statements.RunBefores.evaluate(RunBefores.java:26)
	at org.springframework.test.context.junit4.statements.RunBeforeTestClassCallbacks.evaluate(RunBeforeTestClassCallbacks.java:61)
	at org.springframework.test.context.junit4.statements.RunAfterTestClassCallbacks.evaluate(RunAfterTestClassCallbacks.java:71)
	at org.junit.runners.ParentRunner.run(ParentRunner.java:309)
	at org.springframework.test.context.junit4.SpringJUnit4ClassRunner.run(SpringJUnit4ClassRunner.java:176)
	at org.gradle.api.internal.tasks.testing.junit.JUnitTestClassExecuter.runTestClass(JUnitTestClassExecuter.java:86)
	at org.gradle.api.internal.tasks.testing.junit.JUnitTestClassExecuter.execute(JUnitTestClassExecuter.java:49)
	at org.gradle.api.internal.tasks.testing.junit.JUnitTestClassProcessor.processTestClass(JUnitTestClassProcessor.java:64)
	at org.gradle.api.internal.tasks.testing.SuiteTestClassProcessor.processTestClass(SuiteTestClassProcessor.java:50)
	at sun.reflect.NativeMethodAccessorImpl.invoke0(Native Method)
	at sun.reflect.NativeMethodAccessorImpl.invoke(NativeMethodAccessorImpl.java:57)
	at sun.reflect.DelegatingMethodAccessorImpl.invoke(DelegatingMethodAccessorImpl.java:43)
	at java.lang.reflect.Method.invoke(Method.java:606)
	at org.gradle.messaging.dispatch.ReflectionDispatch.dispatch(ReflectionDispatch.java:35)
	at org.gradle.messaging.dispatch.ReflectionDispatch.dispatch(ReflectionDispatch.java:24)
	at org.gradle.messaging.dispatch.ContextClassLoaderDispatch.dispatch(ContextClassLoaderDispatch.java:32)
	at org.gradle.messaging.dispatch.ProxyDispatchAdapter$DispatchingInvocationHandler.invoke(ProxyDispatchAdapter.java:93)
	at com.sun.proxy.$Proxy2.processTestClass(Unknown Source)
	at org.gradle.api.internal.tasks.testing.worker.TestWorker.processTestClass(TestWorker.java:106)
	at sun.reflect.NativeMethodAccessorImpl.invoke0(Native Method)
	at sun.reflect.NativeMethodAccessorImpl.invoke(NativeMethodAccessorImpl.java:57)
	at sun.reflect.DelegatingMethodAccessorImpl.invoke(DelegatingMethodAccessorImpl.java:43)
	at java.lang.reflect.Method.invoke(Method.java:606)
	at org.gradle.messaging.dispatch.ReflectionDispatch.dispatch(ReflectionDispatch.java:35)
	at org.gradle.messaging.dispatch.ReflectionDispatch.dispatch(ReflectionDispatch.java:24)
	at org.gradle.messaging.remote.internal.hub.MessageHub$Handler.run(MessageHub.java:360)
	at org.gradle.internal.concurrent.DefaultExecutorFactory$StoppableExecutorImpl$1.run(DefaultExecutorFactory.java:64)
	at java.util.concurrent.ThreadPoolExecutor.runWorker(ThreadPoolExecutor.java:1145)
	at java.util.concurrent.ThreadPoolExecutor$Worker.run(ThreadPoolExecutor.java:615)
	at java.lang.Thread.run(Thread.java:745)
Login.failedLoginAttempts must be less than or equal to 11
java.lang.SecurityException: Login.failedLoginAttempts must be less than or equal to 11
	at com.athena.server.pluggable.utils.helper.EntityValidatorHelper.validateEntity(EntityValidatorHelper.java:37)
	at com.app.shared.appbasicsetup.usermanagement.Login.isValid(Login.java:223)
	at com.app.server.service.appbasicsetup.usermanagement.LoginTestCase.validateLogin(LoginTestCase.java:530)
	at com.app.server.service.appbasicsetup.usermanagement.LoginTestCase.test5NegativeTesting(LoginTestCase.java:587)
	at sun.reflect.NativeMethodAccessorImpl.invoke0(Native Method)
	at sun.reflect.NativeMethodAccessorImpl.invoke(NativeMethodAccessorImpl.java:57)
	at sun.reflect.DelegatingMethodAccessorImpl.invoke(DelegatingMethodAccessorImpl.java:43)
	at java.lang.reflect.Method.invoke(Method.java:606)
	at org.junit.runners.model.FrameworkMethod$1.runReflectiveCall(FrameworkMethod.java:47)
	at org.junit.internal.runners.model.ReflectiveCallable.run(ReflectiveCallable.java:12)
	at org.junit.runners.model.FrameworkMethod.invokeExplosively(FrameworkMethod.java:44)
	at org.junit.internal.runners.statements.InvokeMethod.evaluate(InvokeMethod.java:17)
	at org.junit.internal.runners.statements.RunBefores.evaluate(RunBefores.java:26)
	at org.springframework.test.context.junit4.statements.RunBeforeTestMethodCallbacks.evaluate(RunBeforeTestMethodCallbacks.java:74)
	at org.junit.internal.runners.statements.RunAfters.evaluate(RunAfters.java:27)
	at org.springframework.test.context.junit4.statements.RunAfterTestMethodCallbacks.evaluate(RunAfterTestMethodCallbacks.java:83)
	at org.springframework.test.context.junit4.statements.SpringRepeat.evaluate(SpringRepeat.java:72)
	at org.springframework.test.context.junit4.SpringJUnit4ClassRunner.runChild(SpringJUnit4ClassRunner.java:233)
	at org.springframework.test.context.junit4.SpringJUnit4ClassRunner.runChild(SpringJUnit4ClassRunner.java:87)
	at org.junit.runners.ParentRunner$3.run(ParentRunner.java:238)
	at org.junit.runners.ParentRunner$1.schedule(ParentRunner.java:63)
	at org.junit.runners.ParentRunner.runChildren(ParentRunner.java:236)
	at org.junit.runners.ParentRunner.access$000(ParentRunner.java:53)
	at org.junit.runners.ParentRunner$2.evaluate(ParentRunner.java:229)
	at org.junit.internal.runners.statements.RunBefores.evaluate(RunBefores.java:26)
	at org.springframework.test.context.junit4.statements.RunBeforeTestClassCallbacks.evaluate(RunBeforeTestClassCallbacks.java:61)
	at org.springframework.test.context.junit4.statements.RunAfterTestClassCallbacks.evaluate(RunAfterTestClassCallbacks.java:71)
	at org.junit.runners.ParentRunner.run(ParentRunner.java:309)
	at org.springframework.test.context.junit4.SpringJUnit4ClassRunner.run(SpringJUnit4ClassRunner.java:176)
	at org.gradle.api.internal.tasks.testing.junit.JUnitTestClassExecuter.runTestClass(JUnitTestClassExecuter.java:86)
	at org.gradle.api.internal.tasks.testing.junit.JUnitTestClassExecuter.execute(JUnitTestClassExecuter.java:49)
	at org.gradle.api.internal.tasks.testing.junit.JUnitTestClassProcessor.processTestClass(JUnitTestClassProcessor.java:64)
	at org.gradle.api.internal.tasks.testing.SuiteTestClassProcessor.processTestClass(SuiteTestClassProcessor.java:50)
	at sun.reflect.NativeMethodAccessorImpl.invoke0(Native Method)
	at sun.reflect.NativeMethodAccessorImpl.invoke(NativeMethodAccessorImpl.java:57)
	at sun.reflect.DelegatingMethodAccessorImpl.invoke(DelegatingMethodAccessorImpl.java:43)
	at java.lang.reflect.Method.invoke(Method.java:606)
	at org.gradle.messaging.dispatch.ReflectionDispatch.dispatch(ReflectionDispatch.java:35)
	at org.gradle.messaging.dispatch.ReflectionDispatch.dispatch(ReflectionDispatch.java:24)
	at org.gradle.messaging.dispatch.ContextClassLoaderDispatch.dispatch(ContextClassLoaderDispatch.java:32)
	at org.gradle.messaging.dispatch.ProxyDispatchAdapter$DispatchingInvocationHandler.invoke(ProxyDispatchAdapter.java:93)
	at com.sun.proxy.$Proxy2.processTestClass(Unknown Source)
	at org.gradle.api.internal.tasks.testing.worker.TestWorker.processTestClass(TestWorker.java:106)
	at sun.reflect.NativeMethodAccessorImpl.invoke0(Native Method)
	at sun.reflect.NativeMethodAccessorImpl.invoke(NativeMethodAccessorImpl.java:57)
	at sun.reflect.DelegatingMethodAccessorImpl.invoke(DelegatingMethodAccessorImpl.java:43)
	at java.lang.reflect.Method.invoke(Method.java:606)
	at org.gradle.messaging.dispatch.ReflectionDispatch.dispatch(ReflectionDispatch.java:35)
	at org.gradle.messaging.dispatch.ReflectionDispatch.dispatch(ReflectionDispatch.java:24)
	at org.gradle.messaging.remote.internal.hub.MessageHub$Handler.run(MessageHub.java:360)
	at org.gradle.internal.concurrent.DefaultExecutorFactory$StoppableExecutorImpl$1.run(DefaultExecutorFactory.java:64)
	at java.util.concurrent.ThreadPoolExecutor.runWorker(ThreadPoolExecutor.java:1145)
	at java.util.concurrent.ThreadPoolExecutor$Worker.run(ThreadPoolExecutor.java:615)
	at java.lang.Thread.run(Thread.java:745)
]]></system-err>
</testsuite>
